<?xml version="1.0" encoding="UTF-8"?>
<!-- Generated by org.testng.reporters.JUnitReportReporter -->
<testsuite hostname="AshVero" failures="0" tests="3" name="com.qa.automationexercise.tests.HomePageTests" time="1.107" errors="0" timestamp="2023-07-26T17:32:41 EDT" skipped="0">
  <testcase classname="com.qa.automationexercise.tests.HomePageTests" name="logoTest" time="0.024"/>
  <system-out/>
  <testcase classname="com.qa.automationexercise.tests.HomePageTests" name="headerTest" time="0.081"/>
  <system-out/>
  <testcase classname="com.qa.automationexercise.tests.HomePageTests" name="loginPageTest" time="1.002"/>
  <system-out/>
</testsuite> <!-- com.qa.automationexercise.tests.HomePageTests -->
