<?xml version="1.0" encoding="UTF-8"?>
<!-- Generated by org.testng.reporters.JUnitReportReporter -->
<testsuite hostname="AshVero" failures="0" tests="2" name="com.qa.automationexercise.tests.LoginPageTests" time="1.115" errors="0" timestamp="2023-07-26T18:20:00 EDT" skipped="0">
  <testcase classname="com.qa.automationexercise.tests.LoginPageTests" name="loginPageTest" time="0.086"/>
  <system-out/>
  <testcase classname="com.qa.automationexercise.tests.LoginPageTests" name="signupButtonTest" time="1.029"/>
  <system-out/>
</testsuite> <!-- com.qa.automationexercise.tests.LoginPageTests -->
